<?xml version="1.0" encoding="UTF-8"?>
<!-- Generated by org.testng.reporters.JUnitXMLReporter -->
<testsuite ignored="0" hostname="DESKTOP-D1IA6PS" failures="0" tests="10" name="Default test" time="138.39" errors="0" timestamp="2021-09-25T15:33:14 IST">
  <testcase classname="com.urbanladder.runner.Runner" name="addtocart" time="10.228"/>
  <testcase classname="com.urbanladder.runner.Runner" name="cart" time="4.644"/>
  <testcase classname="com.urbanladder.runner.Runner" name="customerStories" time="6.103"/>
  <testcase classname="com.urbanladder.runner.Runner" name="giftcard" time="7.694"/>
  <testcase classname="com.urbanladder.runner.Runner" name="homepagesearch" time="6.907"/>
  <testcase classname="com.urbanladder.runner.Runner" name="login" time="17.17"/>
  <testcase classname="com.urbanladder.runner.Runner" name="qapage" time="5.039"/>
  <testcase classname="com.urbanladder.runner.Runner" name="signup" time="23.783"/>
  <testcase classname="com.urbanladder.runner.Runner" name="subscription" time="6.931"/>
  <testcase classname="com.urbanladder.runner.Runner" name="track" time="6.596"/>
</testsuite> <!-- Default test -->
