<?xml version="1.0" encoding="UTF-8"?>
<!-- Generated by org.testng.reporters.JUnitXMLReporter -->
<testsuite ignored="0" hostname="DESKTOP-D1IA6PS" failures="0" tests="10" name="Default test" time="131.897" errors="0" timestamp="2021-09-26T18:58:07 IST">
  <testcase classname="com.urbanladder.runner.Runner" name="addtocart" time="10.204"/>
  <testcase classname="com.urbanladder.runner.Runner" name="cart" time="4.73"/>
  <testcase classname="com.urbanladder.runner.Runner" name="customerStories" time="5.941"/>
  <testcase classname="com.urbanladder.runner.Runner" name="giftcard" time="7.707"/>
  <testcase classname="com.urbanladder.runner.Runner" name="homepagesearch" time="5.749"/>
  <testcase classname="com.urbanladder.runner.Runner" name="login" time="15.153"/>
  <testcase classname="com.urbanladder.runner.Runner" name="qapage" time="5.096"/>
  <testcase classname="com.urbanladder.runner.Runner" name="signup" time="24.871"/>
  <testcase classname="com.urbanladder.runner.Runner" name="subscription" time="5.545"/>
  <testcase classname="com.urbanladder.runner.Runner" name="track" time="5.386"/>
</testsuite> <!-- Default test -->
