<?xml version="1.0" encoding="UTF-8"?>
<!-- Generated by org.testng.reporters.JUnitXMLReporter -->
<testsuite ignored="0" hostname="DESKTOP-D1IA6PS" failures="0" tests="10" name="Test" time="126.697" errors="0" timestamp="2021-09-24T09:25:16 IST">
  <testcase classname="com.urbanladder.runner.Runner" name="addtocart" time="9.212"/>
  <testcase classname="com.urbanladder.runner.Runner" name="cart" time="4.067"/>
  <testcase classname="com.urbanladder.runner.Runner" name="customerStories" time="5.611"/>
  <testcase classname="com.urbanladder.runner.Runner" name="giftcard" time="5.836"/>
  <testcase classname="com.urbanladder.runner.Runner" name="homepagesearch" time="5.479"/>
  <testcase classname="com.urbanladder.runner.Runner" name="login" time="15.103"/>
  <testcase classname="com.urbanladder.runner.Runner" name="qapage" time="5.323"/>
  <testcase classname="com.urbanladder.runner.Runner" name="signup" time="23.043"/>
  <testcase classname="com.urbanladder.runner.Runner" name="subscription" time="5.421"/>
  <testcase classname="com.urbanladder.runner.Runner" name="track" time="5.559"/>
</testsuite> <!-- Test -->
