<?xml version="1.0" encoding="UTF-8"?>
<!-- Generated by org.testng.reporters.JUnitXMLReporter -->
<testsuite ignored="0" hostname="DESKTOP-D1IA6PS" failures="0" tests="10" name="Test" time="139.471" errors="0" timestamp="2021-09-25T19:05:50 IST">
  <testcase classname="com.urbanladder.runner.Runner" name="addtocart" time="10.494"/>
  <testcase classname="com.urbanladder.runner.Runner" name="cart" time="4.143"/>
  <testcase classname="com.urbanladder.runner.Runner" name="customerStories" time="6.582"/>
  <testcase classname="com.urbanladder.runner.Runner" name="giftcard" time="7.029"/>
  <testcase classname="com.urbanladder.runner.Runner" name="homepagesearch" time="9.741"/>
  <testcase classname="com.urbanladder.runner.Runner" name="login" time="17.835"/>
  <testcase classname="com.urbanladder.runner.Runner" name="qapage" time="6.211"/>
  <testcase classname="com.urbanladder.runner.Runner" name="signup" time="25.362"/>
  <testcase classname="com.urbanladder.runner.Runner" name="subscription" time="6.349"/>
  <testcase classname="com.urbanladder.runner.Runner" name="track" time="7.119"/>
</testsuite> <!-- Test -->
