<?xml version="1.0" encoding="UTF-8"?>
<testng-results ignored="0" total="10" passed="10" failed="0" skipped="0">
  <reporter-output>
  </reporter-output>
  <suite started-at="2021-09-25T19:03:31 IST" name="Suite" finished-at="2021-09-25T19:05:50 IST" duration-ms="139471">
    <groups>
    </groups>
    <test started-at="2021-09-25T19:03:31 IST" name="Test" finished-at="2021-09-25T19:05:50 IST" duration-ms="139471">
      <class name="com.urbanladder.runner.Runner">
        <test-method is-config="true" signature="getTestData()[pri:0, instance:com.urbanladder.runner.Runner@1b065145]" started-at="2021-09-25T19:03:31 IST" name="getTestData" finished-at="2021-09-25T19:03:32 IST" duration-ms="945" status="PASS">
          <reporter-output>
          </reporter-output>
        </test-method> <!-- getTestData -->
        <test-method is-config="true" signature="testing()[pri:0, instance:com.urbanladder.runner.Runner@1b065145]" started-at="2021-09-25T19:03:32 IST" name="testing" finished-at="2021-09-25T19:03:34 IST" duration-ms="2545" status="PASS">
          <reporter-output>
          </reporter-output>
        </test-method> <!-- testing -->
        <test-method signature="addtocart(java.lang.String)[pri:0, instance:com.urbanladder.runner.Runner@1b065145]" started-at="2021-09-25T19:03:34 IST" name="addtocart" data-provider="getTestData" finished-at="2021-09-25T19:03:45 IST" duration-ms="10494" status="PASS">
          <params>
            <param index="0">
              <value>
                <![CDATA[Sofas]]>
              </value>
            </param>
          </params>
          <reporter-output>
          </reporter-output>
        </test-method> <!-- addtocart -->
        <test-method is-config="true" signature="clean()[pri:0, instance:com.urbanladder.runner.Runner@1b065145]" started-at="2021-09-25T19:03:45 IST" name="clean" finished-at="2021-09-25T19:03:46 IST" duration-ms="1296" status="PASS">
          <reporter-output>
          </reporter-output>
        </test-method> <!-- clean -->
        <test-method is-config="true" signature="testing()[pri:0, instance:com.urbanladder.runner.Runner@1b065145]" started-at="2021-09-25T19:03:46 IST" name="testing" finished-at="2021-09-25T19:03:48 IST" duration-ms="1465" status="PASS">
          <reporter-output>
          </reporter-output>
        </test-method> <!-- testing -->
        <test-method signature="cart()[pri:1, instance:com.urbanladder.runner.Runner@1b065145]" started-at="2021-09-25T19:03:48 IST" name="cart" finished-at="2021-09-25T19:03:52 IST" duration-ms="4143" status="PASS">
          <reporter-output>
          </reporter-output>
        </test-method> <!-- cart -->
        <test-method is-config="true" signature="clean()[pri:0, instance:com.urbanladder.runner.Runner@1b065145]" started-at="2021-09-25T19:03:52 IST" name="clean" finished-at="2021-09-25T19:03:52 IST" duration-ms="537" status="PASS">
          <reporter-output>
          </reporter-output>
        </test-method> <!-- clean -->
        <test-method is-config="true" signature="testing()[pri:0, instance:com.urbanladder.runner.Runner@1b065145]" started-at="2021-09-25T19:03:52 IST" name="testing" finished-at="2021-09-25T19:03:54 IST" duration-ms="1487" status="PASS">
          <reporter-output>
          </reporter-output>
        </test-method> <!-- testing -->
        <test-method signature="customerStories()[pri:2, instance:com.urbanladder.runner.Runner@1b065145]" started-at="2021-09-25T19:03:54 IST" name="customerStories" finished-at="2021-09-25T19:04:00 IST" duration-ms="6582" status="PASS">
          <reporter-output>
          </reporter-output>
        </test-method> <!-- customerStories -->
        <test-method is-config="true" signature="clean()[pri:0, instance:com.urbanladder.runner.Runner@1b065145]" started-at="2021-09-25T19:04:00 IST" name="clean" finished-at="2021-09-25T19:04:01 IST" duration-ms="538" status="PASS">
          <reporter-output>
          </reporter-output>
        </test-method> <!-- clean -->
        <test-method is-config="true" signature="testing()[pri:0, instance:com.urbanladder.runner.Runner@1b065145]" started-at="2021-09-25T19:04:01 IST" name="testing" finished-at="2021-09-25T19:04:02 IST" duration-ms="1461" status="PASS">
          <reporter-output>
          </reporter-output>
        </test-method> <!-- testing -->
        <test-method signature="giftcard()[pri:3, instance:com.urbanladder.runner.Runner@1b065145]" started-at="2021-09-25T19:04:02 IST" name="giftcard" finished-at="2021-09-25T19:04:09 IST" duration-ms="7029" status="PASS">
          <reporter-output>
          </reporter-output>
        </test-method> <!-- giftcard -->
        <test-method is-config="true" signature="clean()[pri:0, instance:com.urbanladder.runner.Runner@1b065145]" started-at="2021-09-25T19:04:09 IST" name="clean" finished-at="2021-09-25T19:04:10 IST" duration-ms="398" status="PASS">
          <reporter-output>
          </reporter-output>
        </test-method> <!-- clean -->
        <test-method is-config="true" signature="testing()[pri:0, instance:com.urbanladder.runner.Runner@1b065145]" started-at="2021-09-25T19:04:10 IST" name="testing" finished-at="2021-09-25T19:04:11 IST" duration-ms="1528" status="PASS">
          <reporter-output>
          </reporter-output>
        </test-method> <!-- testing -->
        <test-method signature="homepagesearch(java.lang.String)[pri:4, instance:com.urbanladder.runner.Runner@1b065145]" started-at="2021-09-25T19:04:11 IST" name="homepagesearch" data-provider="getTestData" finished-at="2021-09-25T19:04:21 IST" duration-ms="9741" status="PASS">
          <params>
            <param index="0">
              <value>
                <![CDATA[Sofas]]>
              </value>
            </param>
          </params>
          <reporter-output>
          </reporter-output>
        </test-method> <!-- homepagesearch -->
        <test-method is-config="true" signature="clean()[pri:0, instance:com.urbanladder.runner.Runner@1b065145]" started-at="2021-09-25T19:04:21 IST" name="clean" finished-at="2021-09-25T19:04:26 IST" duration-ms="4561" status="PASS">
          <reporter-output>
          </reporter-output>
        </test-method> <!-- clean -->
        <test-method is-config="true" signature="testing()[pri:0, instance:com.urbanladder.runner.Runner@1b065145]" started-at="2021-09-25T19:04:26 IST" name="testing" finished-at="2021-09-25T19:04:27 IST" duration-ms="1451" status="PASS">
          <reporter-output>
          </reporter-output>
        </test-method> <!-- testing -->
        <test-method signature="login()[pri:5, instance:com.urbanladder.runner.Runner@1b065145]" started-at="2021-09-25T19:04:27 IST" name="login" finished-at="2021-09-25T19:04:45 IST" duration-ms="17835" status="PASS">
          <reporter-output>
          </reporter-output>
        </test-method> <!-- login -->
        <test-method is-config="true" signature="clean()[pri:0, instance:com.urbanladder.runner.Runner@1b065145]" started-at="2021-09-25T19:04:45 IST" name="clean" finished-at="2021-09-25T19:04:45 IST" duration-ms="341" status="PASS">
          <reporter-output>
          </reporter-output>
        </test-method> <!-- clean -->
        <test-method is-config="true" signature="testing()[pri:0, instance:com.urbanladder.runner.Runner@1b065145]" started-at="2021-09-25T19:04:45 IST" name="testing" finished-at="2021-09-25T19:04:47 IST" duration-ms="1820" status="PASS">
          <reporter-output>
          </reporter-output>
        </test-method> <!-- testing -->
        <test-method signature="qapage()[pri:6, instance:com.urbanladder.runner.Runner@1b065145]" started-at="2021-09-25T19:04:47 IST" name="qapage" finished-at="2021-09-25T19:04:53 IST" duration-ms="6211" status="PASS">
          <reporter-output>
          </reporter-output>
        </test-method> <!-- qapage -->
        <test-method is-config="true" signature="clean()[pri:0, instance:com.urbanladder.runner.Runner@1b065145]" started-at="2021-09-25T19:04:53 IST" name="clean" finished-at="2021-09-25T19:04:53 IST" duration-ms="183" status="PASS">
          <reporter-output>
          </reporter-output>
        </test-method> <!-- clean -->
        <test-method is-config="true" signature="testing()[pri:0, instance:com.urbanladder.runner.Runner@1b065145]" started-at="2021-09-25T19:04:53 IST" name="testing" finished-at="2021-09-25T19:04:55 IST" duration-ms="1540" status="PASS">
          <reporter-output>
          </reporter-output>
        </test-method> <!-- testing -->
        <test-method signature="signup()[pri:7, instance:com.urbanladder.runner.Runner@1b065145]" started-at="2021-09-25T19:04:55 IST" name="signup" finished-at="2021-09-25T19:05:20 IST" duration-ms="25362" status="PASS">
          <reporter-output>
          </reporter-output>
        </test-method> <!-- signup -->
        <test-method is-config="true" signature="clean()[pri:0, instance:com.urbanladder.runner.Runner@1b065145]" started-at="2021-09-25T19:05:20 IST" name="clean" finished-at="2021-09-25T19:05:25 IST" duration-ms="4294" status="PASS">
          <reporter-output>
          </reporter-output>
        </test-method> <!-- clean -->
        <test-method is-config="true" signature="testing()[pri:0, instance:com.urbanladder.runner.Runner@1b065145]" started-at="2021-09-25T19:05:25 IST" name="testing" finished-at="2021-09-25T19:05:26 IST" duration-ms="1665" status="PASS">
          <reporter-output>
          </reporter-output>
        </test-method> <!-- testing -->
        <test-method signature="subscription()[pri:8, instance:com.urbanladder.runner.Runner@1b065145]" started-at="2021-09-25T19:05:26 IST" name="subscription" finished-at="2021-09-25T19:05:33 IST" duration-ms="6349" status="PASS">
          <reporter-output>
          </reporter-output>
        </test-method> <!-- subscription -->
        <test-method is-config="true" signature="clean()[pri:0, instance:com.urbanladder.runner.Runner@1b065145]" started-at="2021-09-25T19:05:33 IST" name="clean" finished-at="2021-09-25T19:05:37 IST" duration-ms="4407" status="PASS">
          <reporter-output>
          </reporter-output>
        </test-method> <!-- clean -->
        <test-method is-config="true" signature="testing()[pri:0, instance:com.urbanladder.runner.Runner@1b065145]" started-at="2021-09-25T19:05:37 IST" name="testing" finished-at="2021-09-25T19:05:38 IST" duration-ms="1361" status="PASS">
          <reporter-output>
          </reporter-output>
        </test-method> <!-- testing -->
        <test-method signature="track()[pri:9, instance:com.urbanladder.runner.Runner@1b065145]" started-at="2021-09-25T19:05:38 IST" name="track" finished-at="2021-09-25T19:05:46 IST" duration-ms="7119" status="PASS">
          <reporter-output>
          </reporter-output>
        </test-method> <!-- track -->
        <test-method is-config="true" signature="clean()[pri:0, instance:com.urbanladder.runner.Runner@1b065145]" started-at="2021-09-25T19:05:46 IST" name="clean" finished-at="2021-09-25T19:05:50 IST" duration-ms="4567" status="PASS">
          <reporter-output>
          </reporter-output>
        </test-method> <!-- clean -->
      </class> <!-- com.urbanladder.runner.Runner -->
    </test> <!-- Test -->
  </suite> <!-- Suite -->
</testng-results>
