<?xml version="1.0" encoding="UTF-8"?>
<testng-results ignored="0" total="10" passed="10" failed="0" skipped="0">
  <reporter-output>
  </reporter-output>
  <suite started-at="2021-09-26T18:55:55 IST" name="Default suite" finished-at="2021-09-26T18:58:07 IST" duration-ms="131897">
    <groups>
    </groups>
    <test started-at="2021-09-26T18:55:55 IST" name="Default test" finished-at="2021-09-26T18:58:07 IST" duration-ms="131897">
      <class name="com.urbanladder.runner.Runner">
        <test-method is-config="true" signature="getTestData()[pri:0, instance:com.urbanladder.runner.Runner@39dcf4b0]" started-at="2021-09-26T18:55:55 IST" name="getTestData" finished-at="2021-09-26T18:55:56 IST" duration-ms="999" status="PASS">
          <reporter-output>
          </reporter-output>
        </test-method> <!-- getTestData -->
        <test-method is-config="true" signature="testing()[pri:0, instance:com.urbanladder.runner.Runner@39dcf4b0]" started-at="2021-09-26T18:55:56 IST" name="testing" finished-at="2021-09-26T18:55:59 IST" duration-ms="2514" status="PASS">
          <reporter-output>
          </reporter-output>
        </test-method> <!-- testing -->
        <test-method signature="addtocart(java.lang.String)[pri:0, instance:com.urbanladder.runner.Runner@39dcf4b0]" started-at="2021-09-26T18:55:59 IST" name="addtocart" data-provider="getTestData" finished-at="2021-09-26T18:56:09 IST" duration-ms="10204" status="PASS">
          <params>
            <param index="0">
              <value>
                <![CDATA[Sofas]]>
              </value>
            </param>
          </params>
          <reporter-output>
          </reporter-output>
        </test-method> <!-- addtocart -->
        <test-method is-config="true" signature="clean()[pri:0, instance:com.urbanladder.runner.Runner@39dcf4b0]" started-at="2021-09-26T18:56:09 IST" name="clean" finished-at="2021-09-26T18:56:14 IST" duration-ms="4964" status="PASS">
          <reporter-output>
          </reporter-output>
        </test-method> <!-- clean -->
        <test-method is-config="true" signature="testing()[pri:0, instance:com.urbanladder.runner.Runner@39dcf4b0]" started-at="2021-09-26T18:56:14 IST" name="testing" finished-at="2021-09-26T18:56:15 IST" duration-ms="1326" status="PASS">
          <reporter-output>
          </reporter-output>
        </test-method> <!-- testing -->
        <test-method signature="cart()[pri:1, instance:com.urbanladder.runner.Runner@39dcf4b0]" started-at="2021-09-26T18:56:15 IST" name="cart" finished-at="2021-09-26T18:56:20 IST" duration-ms="4730" status="PASS">
          <reporter-output>
          </reporter-output>
        </test-method> <!-- cart -->
        <test-method is-config="true" signature="clean()[pri:0, instance:com.urbanladder.runner.Runner@39dcf4b0]" started-at="2021-09-26T18:56:20 IST" name="clean" finished-at="2021-09-26T18:56:20 IST" duration-ms="318" status="PASS">
          <reporter-output>
          </reporter-output>
        </test-method> <!-- clean -->
        <test-method is-config="true" signature="testing()[pri:0, instance:com.urbanladder.runner.Runner@39dcf4b0]" started-at="2021-09-26T18:56:20 IST" name="testing" finished-at="2021-09-26T18:56:22 IST" duration-ms="1145" status="PASS">
          <reporter-output>
          </reporter-output>
        </test-method> <!-- testing -->
        <test-method signature="customerStories()[pri:2, instance:com.urbanladder.runner.Runner@39dcf4b0]" started-at="2021-09-26T18:56:22 IST" name="customerStories" finished-at="2021-09-26T18:56:28 IST" duration-ms="5941" status="PASS">
          <reporter-output>
          </reporter-output>
        </test-method> <!-- customerStories -->
        <test-method is-config="true" signature="clean()[pri:0, instance:com.urbanladder.runner.Runner@39dcf4b0]" started-at="2021-09-26T18:56:28 IST" name="clean" finished-at="2021-09-26T18:56:32 IST" duration-ms="4684" status="PASS">
          <reporter-output>
          </reporter-output>
        </test-method> <!-- clean -->
        <test-method is-config="true" signature="testing()[pri:0, instance:com.urbanladder.runner.Runner@39dcf4b0]" started-at="2021-09-26T18:56:32 IST" name="testing" finished-at="2021-09-26T18:56:33 IST" duration-ms="1254" status="PASS">
          <reporter-output>
          </reporter-output>
        </test-method> <!-- testing -->
        <test-method signature="giftcard()[pri:3, instance:com.urbanladder.runner.Runner@39dcf4b0]" started-at="2021-09-26T18:56:33 IST" name="giftcard" finished-at="2021-09-26T18:56:41 IST" duration-ms="7707" status="PASS">
          <reporter-output>
          </reporter-output>
        </test-method> <!-- giftcard -->
        <test-method is-config="true" signature="clean()[pri:0, instance:com.urbanladder.runner.Runner@39dcf4b0]" started-at="2021-09-26T18:56:41 IST" name="clean" finished-at="2021-09-26T18:56:45 IST" duration-ms="4262" status="PASS">
          <reporter-output>
          </reporter-output>
        </test-method> <!-- clean -->
        <test-method is-config="true" signature="testing()[pri:0, instance:com.urbanladder.runner.Runner@39dcf4b0]" started-at="2021-09-26T18:56:45 IST" name="testing" finished-at="2021-09-26T18:56:47 IST" duration-ms="1064" status="PASS">
          <reporter-output>
          </reporter-output>
        </test-method> <!-- testing -->
        <test-method signature="homepagesearch(java.lang.String)[pri:4, instance:com.urbanladder.runner.Runner@39dcf4b0]" started-at="2021-09-26T18:56:47 IST" name="homepagesearch" data-provider="getTestData" finished-at="2021-09-26T18:56:52 IST" duration-ms="5749" status="PASS">
          <params>
            <param index="0">
              <value>
                <![CDATA[Sofas]]>
              </value>
            </param>
          </params>
          <reporter-output>
          </reporter-output>
        </test-method> <!-- homepagesearch -->
        <test-method is-config="true" signature="clean()[pri:0, instance:com.urbanladder.runner.Runner@39dcf4b0]" started-at="2021-09-26T18:56:52 IST" name="clean" finished-at="2021-09-26T18:56:52 IST" duration-ms="189" status="PASS">
          <reporter-output>
          </reporter-output>
        </test-method> <!-- clean -->
        <test-method is-config="true" signature="testing()[pri:0, instance:com.urbanladder.runner.Runner@39dcf4b0]" started-at="2021-09-26T18:56:52 IST" name="testing" finished-at="2021-09-26T18:56:54 IST" duration-ms="1186" status="PASS">
          <reporter-output>
          </reporter-output>
        </test-method> <!-- testing -->
        <test-method signature="login()[pri:5, instance:com.urbanladder.runner.Runner@39dcf4b0]" started-at="2021-09-26T18:56:54 IST" name="login" finished-at="2021-09-26T18:57:09 IST" duration-ms="15153" status="PASS">
          <reporter-output>
          </reporter-output>
        </test-method> <!-- login -->
        <test-method is-config="true" signature="clean()[pri:0, instance:com.urbanladder.runner.Runner@39dcf4b0]" started-at="2021-09-26T18:57:09 IST" name="clean" finished-at="2021-09-26T18:57:13 IST" duration-ms="4232" status="PASS">
          <reporter-output>
          </reporter-output>
        </test-method> <!-- clean -->
        <test-method is-config="true" signature="testing()[pri:0, instance:com.urbanladder.runner.Runner@39dcf4b0]" started-at="2021-09-26T18:57:13 IST" name="testing" finished-at="2021-09-26T18:57:14 IST" duration-ms="1001" status="PASS">
          <reporter-output>
          </reporter-output>
        </test-method> <!-- testing -->
        <test-method signature="qapage()[pri:6, instance:com.urbanladder.runner.Runner@39dcf4b0]" started-at="2021-09-26T18:57:14 IST" name="qapage" finished-at="2021-09-26T18:57:19 IST" duration-ms="5096" status="PASS">
          <reporter-output>
          </reporter-output>
        </test-method> <!-- qapage -->
        <test-method is-config="true" signature="clean()[pri:0, instance:com.urbanladder.runner.Runner@39dcf4b0]" started-at="2021-09-26T18:57:19 IST" name="clean" finished-at="2021-09-26T18:57:19 IST" duration-ms="131" status="PASS">
          <reporter-output>
          </reporter-output>
        </test-method> <!-- clean -->
        <test-method is-config="true" signature="testing()[pri:0, instance:com.urbanladder.runner.Runner@39dcf4b0]" started-at="2021-09-26T18:57:19 IST" name="testing" finished-at="2021-09-26T18:57:20 IST" duration-ms="1149" status="PASS">
          <reporter-output>
          </reporter-output>
        </test-method> <!-- testing -->
        <test-method signature="signup()[pri:7, instance:com.urbanladder.runner.Runner@39dcf4b0]" started-at="2021-09-26T18:57:20 IST" name="signup" finished-at="2021-09-26T18:57:45 IST" duration-ms="24871" status="PASS">
          <reporter-output>
          </reporter-output>
        </test-method> <!-- signup -->
        <test-method is-config="true" signature="clean()[pri:0, instance:com.urbanladder.runner.Runner@39dcf4b0]" started-at="2021-09-26T18:57:45 IST" name="clean" finished-at="2021-09-26T18:57:50 IST" duration-ms="4243" status="PASS">
          <reporter-output>
          </reporter-output>
        </test-method> <!-- clean -->
        <test-method is-config="true" signature="testing()[pri:0, instance:com.urbanladder.runner.Runner@39dcf4b0]" started-at="2021-09-26T18:57:50 IST" name="testing" finished-at="2021-09-26T18:57:51 IST" duration-ms="1162" status="PASS">
          <reporter-output>
          </reporter-output>
        </test-method> <!-- testing -->
        <test-method signature="subscription()[pri:8, instance:com.urbanladder.runner.Runner@39dcf4b0]" started-at="2021-09-26T18:57:51 IST" name="subscription" finished-at="2021-09-26T18:57:56 IST" duration-ms="5545" status="PASS">
          <reporter-output>
          </reporter-output>
        </test-method> <!-- subscription -->
        <test-method is-config="true" signature="clean()[pri:0, instance:com.urbanladder.runner.Runner@39dcf4b0]" started-at="2021-09-26T18:57:56 IST" name="clean" finished-at="2021-09-26T18:58:00 IST" duration-ms="4234" status="PASS">
          <reporter-output>
          </reporter-output>
        </test-method> <!-- clean -->
        <test-method is-config="true" signature="testing()[pri:0, instance:com.urbanladder.runner.Runner@39dcf4b0]" started-at="2021-09-26T18:58:00 IST" name="testing" finished-at="2021-09-26T18:58:02 IST" duration-ms="1105" status="PASS">
          <reporter-output>
          </reporter-output>
        </test-method> <!-- testing -->
        <test-method signature="track()[pri:9, instance:com.urbanladder.runner.Runner@39dcf4b0]" started-at="2021-09-26T18:58:02 IST" name="track" finished-at="2021-09-26T18:58:07 IST" duration-ms="5386" status="PASS">
          <reporter-output>
          </reporter-output>
        </test-method> <!-- track -->
        <test-method is-config="true" signature="clean()[pri:0, instance:com.urbanladder.runner.Runner@39dcf4b0]" started-at="2021-09-26T18:58:07 IST" name="clean" finished-at="2021-09-26T18:58:07 IST" duration-ms="172" status="PASS">
          <reporter-output>
          </reporter-output>
        </test-method> <!-- clean -->
      </class> <!-- com.urbanladder.runner.Runner -->
    </test> <!-- Default test -->
  </suite> <!-- Default suite -->
</testng-results>
